<?xml version="1.0" encoding="UTF-8"?>
<!-- Generated by org.testng.reporters.JUnitXMLReporter -->
<testsuite hostname="DELC02NG8TLG3QC.sea.corp.expecn.com" name="TrainSortTest" tests="4" failures="0" timestamp="3 Jan 2017 07:45:51 GMT" time="7.236" errors="0">
  <testcase name="trainSortingTests" time="5.642" classname="com.goeuro.tests.TrainRestAPITests"/>
  <testcase name="trainSortingTests" time="5.997" classname="com.goeuro.tests.TrainRestAPITests"/>
  <testcase name="trainSortingTests" time="6.039" classname="com.goeuro.tests.TrainRestAPITests"/>
  <testcase name="trainSortingTests" time="7.184" classname="com.goeuro.tests.TrainRestAPITests"/>
</testsuite> <!-- TrainSortTest -->
