<?xml version="1.0" encoding="UTF-8"?>
<testng-results skipped="0" failed="0" total="12" passed="12">
  <reporter-output>
  </reporter-output>
  <suite name="CrossBrowserTests" duration-ms="300822" started-at="2017-01-03T07:45:51Z" finished-at="2017-01-03T07:50:52Z">
    <groups>
    </groups>
    <test name="ChromeTest" duration-ms="151340" started-at="2017-01-03T07:45:51Z" finished-at="2017-01-03T07:48:23Z">
      <class name="com.goeuro.tests.TrainSearchTests">
        <test-method status="PASS" signature="testSetup(java.lang.String)[pri:0, instance:com.goeuro.tests.TrainSearchTests@221af3c0]" name="testSetup" is-config="true" duration-ms="1934" started-at="2017-01-03T13:15:51Z" finished-at="2017-01-03T13:15:53Z">
          <params>
            <param index="0">
              <value>
                <![CDATA[CHROME]]>
              </value>
            </param>
          </params>
          <reporter-output>
          </reporter-output>
        </test-method> <!-- testSetup -->
        <test-method status="PASS" signature="testSetup(java.lang.String)[pri:0, instance:com.goeuro.tests.TrainSearchTests@221af3c0]" name="testSetup" is-config="true" duration-ms="1919" started-at="2017-01-03T13:15:51Z" finished-at="2017-01-03T13:15:53Z">
          <params>
            <param index="0">
              <value>
                <![CDATA[CHROME]]>
              </value>
            </param>
          </params>
          <reporter-output>
          </reporter-output>
        </test-method> <!-- testSetup -->
        <test-method status="PASS" signature="testSetup(java.lang.String)[pri:0, instance:com.goeuro.tests.TrainSearchTests@221af3c0]" name="testSetup" is-config="true" duration-ms="1998" started-at="2017-01-03T13:15:51Z" finished-at="2017-01-03T13:15:53Z">
          <params>
            <param index="0">
              <value>
                <![CDATA[CHROME]]>
              </value>
            </param>
          </params>
          <reporter-output>
          </reporter-output>
        </test-method> <!-- testSetup -->
        <test-method status="PASS" signature="testSetup(java.lang.String)[pri:0, instance:com.goeuro.tests.TrainSearchTests@221af3c0]" name="testSetup" is-config="true" duration-ms="1827" started-at="2017-01-03T13:15:51Z" finished-at="2017-01-03T13:15:53Z">
          <params>
            <param index="0">
              <value>
                <![CDATA[CHROME]]>
              </value>
            </param>
          </params>
          <reporter-output>
          </reporter-output>
        </test-method> <!-- testSetup -->
        <test-method status="PASS" signature="testSortingOfTrainPrices(com.goeuro.data.SearchTestData)[pri:0, instance:com.goeuro.tests.TrainSearchTests@221af3c0]" name="testSortingOfTrainPrices" duration-ms="55104" started-at="2017-01-03T13:15:53Z" data-provider="train_search_test_data_provider" finished-at="2017-01-03T13:16:48Z">
          <params>
            <param index="0">
              <value>
                <![CDATA[com.goeuro.data.SearchTestData@145eaa29]]>
              </value>
            </param>
          </params>
          <reporter-output>
          </reporter-output>
        </test-method> <!-- testSortingOfTrainPrices -->
        <test-method status="PASS" signature="testSortingOfTrainPrices(com.goeuro.data.SearchTestData)[pri:0, instance:com.goeuro.tests.TrainSearchTests@221af3c0]" name="testSortingOfTrainPrices" duration-ms="69585" started-at="2017-01-03T13:15:53Z" data-provider="train_search_test_data_provider" finished-at="2017-01-03T13:17:03Z">
          <params>
            <param index="0">
              <value>
                <![CDATA[com.goeuro.data.SearchTestData@15bb6bea]]>
              </value>
            </param>
          </params>
          <reporter-output>
          </reporter-output>
        </test-method> <!-- testSortingOfTrainPrices -->
        <test-method status="PASS" signature="testSortingOfTrainPrices(com.goeuro.data.SearchTestData)[pri:0, instance:com.goeuro.tests.TrainSearchTests@221af3c0]" name="testSortingOfTrainPrices" duration-ms="75560" started-at="2017-01-03T13:15:53Z" data-provider="train_search_test_data_provider" finished-at="2017-01-03T13:17:09Z">
          <params>
            <param index="0">
              <value>
                <![CDATA[com.goeuro.data.SearchTestData@8b96fde]]>
              </value>
            </param>
          </params>
          <reporter-output>
          </reporter-output>
        </test-method> <!-- testSortingOfTrainPrices -->
        <test-method status="PASS" signature="testSortingOfTrainPrices(com.goeuro.data.SearchTestData)[pri:0, instance:com.goeuro.tests.TrainSearchTests@221af3c0]" name="testSortingOfTrainPrices" duration-ms="149265" started-at="2017-01-03T13:15:53Z" data-provider="train_search_test_data_provider" finished-at="2017-01-03T13:18:23Z">
          <params>
            <param index="0">
              <value>
                <![CDATA[com.goeuro.data.SearchTestData@2d2e5f00]]>
              </value>
            </param>
          </params>
          <reporter-output>
          </reporter-output>
        </test-method> <!-- testSortingOfTrainPrices -->
        <test-method status="PASS" signature="tearDown()[pri:0, instance:com.goeuro.tests.TrainSearchTests@221af3c0]" name="tearDown" is-config="true" duration-ms="71" started-at="2017-01-03T13:16:48Z" finished-at="2017-01-03T13:16:48Z">
          <reporter-output>
          </reporter-output>
        </test-method> <!-- tearDown -->
        <test-method status="PASS" signature="tearDown()[pri:0, instance:com.goeuro.tests.TrainSearchTests@221af3c0]" name="tearDown" is-config="true" duration-ms="128" started-at="2017-01-03T13:17:03Z" finished-at="2017-01-03T13:17:03Z">
          <reporter-output>
          </reporter-output>
        </test-method> <!-- tearDown -->
        <test-method status="PASS" signature="tearDown()[pri:0, instance:com.goeuro.tests.TrainSearchTests@221af3c0]" name="tearDown" is-config="true" duration-ms="74" started-at="2017-01-03T13:17:09Z" finished-at="2017-01-03T13:17:09Z">
          <reporter-output>
          </reporter-output>
        </test-method> <!-- tearDown -->
        <test-method status="PASS" signature="tearDown()[pri:0, instance:com.goeuro.tests.TrainSearchTests@221af3c0]" name="tearDown" is-config="true" duration-ms="73" started-at="2017-01-03T13:18:23Z" finished-at="2017-01-03T13:18:23Z">
          <reporter-output>
          </reporter-output>
        </test-method> <!-- tearDown -->
      </class> <!-- com.goeuro.tests.TrainSearchTests -->
    </test> <!-- ChromeTest -->
    <test name="FireFoxTest" duration-ms="149479" started-at="2017-01-03T07:48:23Z" finished-at="2017-01-03T07:50:52Z">
      <class name="com.goeuro.tests.TrainSearchTests">
        <test-method status="PASS" signature="setup()[pri:0, instance:com.goeuro.tests.TrainSearchTests@70b0b186]" name="setup" is-config="true" duration-ms="4" started-at="2017-01-03T13:15:51Z" finished-at="2017-01-03T13:15:51Z">
          <reporter-output>
          </reporter-output>
        </test-method> <!-- setup -->
        <test-method status="PASS" signature="testSetup(java.lang.String)[pri:0, instance:com.goeuro.tests.TrainSearchTests@70b0b186]" name="testSetup" is-config="true" duration-ms="2447" started-at="2017-01-03T13:18:23Z" finished-at="2017-01-03T13:18:25Z">
          <params>
            <param index="0">
              <value>
                <![CDATA[FIREFOX]]>
              </value>
            </param>
          </params>
          <reporter-output>
          </reporter-output>
        </test-method> <!-- testSetup -->
        <test-method status="PASS" signature="testSetup(java.lang.String)[pri:0, instance:com.goeuro.tests.TrainSearchTests@70b0b186]" name="testSetup" is-config="true" duration-ms="2488" started-at="2017-01-03T13:18:23Z" finished-at="2017-01-03T13:18:25Z">
          <params>
            <param index="0">
              <value>
                <![CDATA[FIREFOX]]>
              </value>
            </param>
          </params>
          <reporter-output>
          </reporter-output>
        </test-method> <!-- testSetup -->
        <test-method status="PASS" signature="testSetup(java.lang.String)[pri:0, instance:com.goeuro.tests.TrainSearchTests@70b0b186]" name="testSetup" is-config="true" duration-ms="2589" started-at="2017-01-03T13:18:23Z" finished-at="2017-01-03T13:18:25Z">
          <params>
            <param index="0">
              <value>
                <![CDATA[FIREFOX]]>
              </value>
            </param>
          </params>
          <reporter-output>
          </reporter-output>
        </test-method> <!-- testSetup -->
        <test-method status="PASS" signature="testSetup(java.lang.String)[pri:0, instance:com.goeuro.tests.TrainSearchTests@70b0b186]" name="testSetup" is-config="true" duration-ms="2469" started-at="2017-01-03T13:18:23Z" finished-at="2017-01-03T13:18:25Z">
          <params>
            <param index="0">
              <value>
                <![CDATA[FIREFOX]]>
              </value>
            </param>
          </params>
          <reporter-output>
          </reporter-output>
        </test-method> <!-- testSetup -->
        <test-method status="PASS" signature="testSortingOfTrainPrices(com.goeuro.data.SearchTestData)[pri:0, instance:com.goeuro.tests.TrainSearchTests@70b0b186]" name="testSortingOfTrainPrices" duration-ms="53544" started-at="2017-01-03T13:18:25Z" data-provider="train_search_test_data_provider" finished-at="2017-01-03T13:19:19Z">
          <params>
            <param index="0">
              <value>
                <![CDATA[com.goeuro.data.SearchTestData@2ea6137]]>
              </value>
            </param>
          </params>
          <reporter-output>
          </reporter-output>
        </test-method> <!-- testSortingOfTrainPrices -->
        <test-method status="PASS" signature="testSortingOfTrainPrices(com.goeuro.data.SearchTestData)[pri:0, instance:com.goeuro.tests.TrainSearchTests@70b0b186]" name="testSortingOfTrainPrices" duration-ms="64962" started-at="2017-01-03T13:18:25Z" data-provider="train_search_test_data_provider" finished-at="2017-01-03T13:19:30Z">
          <params>
            <param index="0">
              <value>
                <![CDATA[com.goeuro.data.SearchTestData@41ee392b]]>
              </value>
            </param>
          </params>
          <reporter-output>
          </reporter-output>
        </test-method> <!-- testSortingOfTrainPrices -->
        <test-method status="PASS" signature="testSortingOfTrainPrices(com.goeuro.data.SearchTestData)[pri:0, instance:com.goeuro.tests.TrainSearchTests@70b0b186]" name="testSortingOfTrainPrices" duration-ms="74361" started-at="2017-01-03T13:18:25Z" data-provider="train_search_test_data_provider" finished-at="2017-01-03T13:19:40Z">
          <params>
            <param index="0">
              <value>
                <![CDATA[com.goeuro.data.SearchTestData@1e67a849]]>
              </value>
            </param>
          </params>
          <reporter-output>
          </reporter-output>
        </test-method> <!-- testSortingOfTrainPrices -->
        <test-method status="PASS" signature="testSortingOfTrainPrices(com.goeuro.data.SearchTestData)[pri:0, instance:com.goeuro.tests.TrainSearchTests@70b0b186]" name="testSortingOfTrainPrices" duration-ms="146746" started-at="2017-01-03T13:18:25Z" data-provider="train_search_test_data_provider" finished-at="2017-01-03T13:20:52Z">
          <params>
            <param index="0">
              <value>
                <![CDATA[com.goeuro.data.SearchTestData@57d5872c]]>
              </value>
            </param>
          </params>
          <reporter-output>
          </reporter-output>
        </test-method> <!-- testSortingOfTrainPrices -->
        <test-method status="PASS" signature="tearDown()[pri:0, instance:com.goeuro.tests.TrainSearchTests@70b0b186]" name="tearDown" is-config="true" duration-ms="153" started-at="2017-01-03T13:19:19Z" finished-at="2017-01-03T13:19:19Z">
          <reporter-output>
          </reporter-output>
        </test-method> <!-- tearDown -->
        <test-method status="PASS" signature="tearDown()[pri:0, instance:com.goeuro.tests.TrainSearchTests@70b0b186]" name="tearDown" is-config="true" duration-ms="161" started-at="2017-01-03T13:19:30Z" finished-at="2017-01-03T13:19:30Z">
          <reporter-output>
          </reporter-output>
        </test-method> <!-- tearDown -->
        <test-method status="PASS" signature="tearDown()[pri:0, instance:com.goeuro.tests.TrainSearchTests@70b0b186]" name="tearDown" is-config="true" duration-ms="156" started-at="2017-01-03T13:19:40Z" finished-at="2017-01-03T13:19:40Z">
          <reporter-output>
          </reporter-output>
        </test-method> <!-- tearDown -->
        <test-method status="PASS" signature="tearDown()[pri:0, instance:com.goeuro.tests.TrainSearchTests@70b0b186]" name="tearDown" is-config="true" duration-ms="138" started-at="2017-01-03T13:20:52Z" finished-at="2017-01-03T13:20:52Z">
          <reporter-output>
          </reporter-output>
        </test-method> <!-- tearDown -->
      </class> <!-- com.goeuro.tests.TrainSearchTests -->
    </test> <!-- FireFoxTest -->
  </suite> <!-- CrossBrowserTests -->
  <suite name="RestAPITests" duration-ms="7236" started-at="2017-01-03T07:45:44Z" finished-at="2017-01-03T07:45:51Z">
    <groups>
    </groups>
    <test name="TrainSortTest" duration-ms="7236" started-at="2017-01-03T07:45:44Z" finished-at="2017-01-03T07:45:51Z">
      <class name="com.goeuro.tests.TrainRestAPITests">
        <test-method status="PASS" signature="trainSortingTests(com.goeuro.data.SearchTestData)[pri:0, instance:com.goeuro.tests.TrainRestAPITests@2ed94a8b]" name="trainSortingTests" duration-ms="5642" started-at="2017-01-03T13:15:44Z" data-provider="train_search_test_data_provider" finished-at="2017-01-03T13:15:50Z">
          <params>
            <param index="0">
              <value>
                <![CDATA[com.goeuro.data.SearchTestData@6b53e23f]]>
              </value>
            </param>
          </params>
          <reporter-output>
          </reporter-output>
        </test-method> <!-- trainSortingTests -->
        <test-method status="PASS" signature="trainSortingTests(com.goeuro.data.SearchTestData)[pri:0, instance:com.goeuro.tests.TrainRestAPITests@2ed94a8b]" name="trainSortingTests" duration-ms="6039" started-at="2017-01-03T13:15:44Z" data-provider="train_search_test_data_provider" finished-at="2017-01-03T13:15:50Z">
          <params>
            <param index="0">
              <value>
                <![CDATA[com.goeuro.data.SearchTestData@1b68b9a4]]>
              </value>
            </param>
          </params>
          <reporter-output>
          </reporter-output>
        </test-method> <!-- trainSortingTests -->
        <test-method status="PASS" signature="trainSortingTests(com.goeuro.data.SearchTestData)[pri:0, instance:com.goeuro.tests.TrainRestAPITests@2ed94a8b]" name="trainSortingTests" duration-ms="7184" started-at="2017-01-03T13:15:44Z" data-provider="train_search_test_data_provider" finished-at="2017-01-03T13:15:51Z">
          <params>
            <param index="0">
              <value>
                <![CDATA[com.goeuro.data.SearchTestData@4f9a3314]]>
              </value>
            </param>
          </params>
          <reporter-output>
          </reporter-output>
        </test-method> <!-- trainSortingTests -->
        <test-method status="PASS" signature="trainSortingTests(com.goeuro.data.SearchTestData)[pri:0, instance:com.goeuro.tests.TrainRestAPITests@2ed94a8b]" name="trainSortingTests" duration-ms="5997" started-at="2017-01-03T13:15:44Z" data-provider="train_search_test_data_provider" finished-at="2017-01-03T13:15:50Z">
          <params>
            <param index="0">
              <value>
                <![CDATA[com.goeuro.data.SearchTestData@64d2d351]]>
              </value>
            </param>
          </params>
          <reporter-output>
          </reporter-output>
        </test-method> <!-- trainSortingTests -->
      </class> <!-- com.goeuro.tests.TrainRestAPITests -->
    </test> <!-- TrainSortTest -->
  </suite> <!-- RestAPITests -->
</testng-results>
