<?xml version="1.0" encoding="UTF-8"?>
<!-- Generated by org.testng.reporters.JUnitXMLReporter -->
<testsuite hostname="DELC02NG8TLG3QC.sea.corp.expecn.com" name="ChromeTest" tests="4" failures="0" timestamp="3 Jan 2017 07:48:23 GMT" time="151.34" errors="0">
  <testcase name="testSortingOfTrainPrices" time="55.104" classname="com.goeuro.tests.TrainSearchTests"/>
  <testcase name="testSortingOfTrainPrices" time="69.585" classname="com.goeuro.tests.TrainSearchTests"/>
  <testcase name="testSortingOfTrainPrices" time="75.56" classname="com.goeuro.tests.TrainSearchTests"/>
  <testcase name="testSortingOfTrainPrices" time="149.265" classname="com.goeuro.tests.TrainSearchTests"/>
</testsuite> <!-- ChromeTest -->
