<?xml version="1.0" encoding="UTF-8"?>
<!-- Generated by org.testng.reporters.JUnitXMLReporter -->
<testsuite hostname="DELC02NG8TLG3QC.sea.corp.expecn.com" name="FireFoxTest" tests="4" failures="0" timestamp="3 Jan 2017 07:50:52 GMT" time="149.479" errors="0">
  <testcase name="testSortingOfTrainPrices" time="53.544" classname="com.goeuro.tests.TrainSearchTests"/>
  <testcase name="testSortingOfTrainPrices" time="64.962" classname="com.goeuro.tests.TrainSearchTests"/>
  <testcase name="testSortingOfTrainPrices" time="74.361" classname="com.goeuro.tests.TrainSearchTests"/>
  <testcase name="testSortingOfTrainPrices" time="146.746" classname="com.goeuro.tests.TrainSearchTests"/>
</testsuite> <!-- FireFoxTest -->
